[18:22:37] [main/WARN]: Ambiguity between arguments [teleport, destination] and [teleport, targets] with inputs: [Player, 0123, @e, dd12be42-52a9-4a91-a8a1-11c01849e498]
[18:22:37] [main/WARN]: Ambiguity between arguments [teleport, location] and [teleport, destination] with inputs: [0.1 -0.5 .9, 0 0 0]
[18:22:37] [main/WARN]: Ambiguity between arguments [teleport, location] and [teleport, targets] with inputs: [0.1 -0.5 .9, 0 0 0]
[18:22:37] [main/WARN]: Ambiguity between arguments [teleport, targets] and [teleport, destination] with inputs: [Player, 0123, dd12be42-52a9-4a91-a8a1-11c01849e498]
[18:22:37] [main/WARN]: Ambiguity between arguments [teleport, targets, location] and [teleport, targets, destination] with inputs: [0.1 -0.5 .9, 0 0 0]
[18:22:37] [main/INFO]: Reloading ResourceManager: Default
[18:22:39] [Worker-Main-4/INFO]: Loaded 7 recipes
[18:22:40] [Worker-Main-4/INFO]: Loaded 927 advancements
[18:22:42] [Server thread/INFO]: Starting minecraft server version 1.16.5
[18:22:42] [Server thread/INFO]: Loading properties
[18:22:42] [Server thread/INFO]: Default game type: SURVIVAL
[18:22:42] [Server thread/INFO]: Generating keypair
[18:22:43] [Server thread/INFO]: Starting Minecraft server on *:25565
[18:22:43] [Server thread/INFO]: Using default channel type
[18:22:44] [Server thread/WARN]: **** SERVER IS RUNNING IN OFFLINE/INSECURE MODE!
[18:22:44] [Server thread/WARN]: The server will make no attempt to authenticate usernames. Beware.
[18:22:44] [Server thread/WARN]: While this makes the game possible to play without internet access, it also opens up the ability for hackers to connect with any username they choose.
[18:22:44] [Server thread/WARN]: To change this, set "online-mode" to "true" in the server.properties file.
[18:22:44] [Server thread/INFO]: Preparing level "world"
[18:22:45] [Server thread/INFO]: Preparing start region for dimension minecraft:overworld
[18:22:48] [Server thread/INFO]: Preparing spawn area: 0%
[18:22:48] [Server thread/INFO]: Preparing spawn area: 0%
[18:22:48] [Server thread/INFO]: Preparing spawn area: 0%
[18:22:48] [Server thread/INFO]: Preparing spawn area: 0%
[18:22:48] [Server thread/INFO]: Preparing spawn area: 0%
[18:22:48] [Server thread/INFO]: Preparing spawn area: 0%
[18:22:48] [Server thread/INFO]: Preparing spawn area: 0%
[18:22:49] [Server thread/INFO]: Preparing spawn area: 0%
[18:22:49] [Server thread/INFO]: Preparing spawn area: 0%
[18:22:57] [Worker-Main-5/INFO]: Preparing spawn area: 83%
[18:22:57] [Worker-Main-6/INFO]: Preparing spawn area: 83%
[18:22:57] [Worker-Main-5/INFO]: Preparing spawn area: 83%
[18:22:58] [Worker-Main-4/INFO]: Preparing spawn area: 83%
[18:22:58] [Worker-Main-4/INFO]: Preparing spawn area: 83%
[18:22:58] [Worker-Main-6/INFO]: Preparing spawn area: 83%
[18:22:58] [Worker-Main-6/INFO]: Preparing spawn area: 83%
[18:22:58] [Worker-Main-5/INFO]: Preparing spawn area: 83%
[18:22:58] [Worker-Main-6/INFO]: Preparing spawn area: 83%
[18:22:58] [Worker-Main-6/INFO]: Preparing spawn area: 83%
[18:22:58] [Worker-Main-4/INFO]: Preparing spawn area: 83%
[18:22:58] [Worker-Main-6/INFO]: Preparing spawn area: 83%
[18:22:58] [Worker-Main-6/INFO]: Preparing spawn area: 83%
[18:22:58] [Worker-Main-5/INFO]: Preparing spawn area: 83%
[18:22:58] [Worker-Main-4/INFO]: Preparing spawn area: 83%
[18:22:58] [Worker-Main-5/INFO]: Preparing spawn area: 83%
[18:22:58] [Worker-Main-4/INFO]: Preparing spawn area: 83%
[18:22:58] [Worker-Main-4/INFO]: Preparing spawn area: 83%
[18:22:58] [Worker-Main-6/INFO]: Preparing spawn area: 83%
[18:22:59] [Worker-Main-4/INFO]: Preparing spawn area: 83%
[18:22:59] [Worker-Main-4/INFO]: Preparing spawn area: 83%
[18:23:00] [Worker-Main-6/INFO]: Preparing spawn area: 83%
[18:23:00] [Worker-Main-5/INFO]: Preparing spawn area: 83%
[18:23:01] [Worker-Main-5/INFO]: Preparing spawn area: 83%
[18:23:01] [Worker-Main-5/INFO]: Preparing spawn area: 83%
[18:23:02] [Worker-Main-6/INFO]: Preparing spawn area: 84%
[18:23:02] [Server thread/INFO]: Preparing spawn area: 84%
[18:23:03] [Worker-Main-5/INFO]: Preparing spawn area: 85%
[18:23:03] [Worker-Main-5/INFO]: Preparing spawn area: 86%
[18:23:04] [Worker-Main-4/INFO]: Preparing spawn area: 89%
[18:23:04] [Server thread/INFO]: Preparing spawn area: 89%
[18:23:05] [Server thread/INFO]: Preparing spawn area: 94%
[18:23:05] [Server thread/INFO]: Time elapsed: 20086 ms
[18:23:05] [Server thread/INFO]: Done (20.422s)! For help, type "help"
[18:23:08] [Server thread/WARN]: Can't keep up! Is the server overloaded? Running 2009ms or 40 ticks behind
[18:24:33] [Server thread/INFO]: Stopping the server
[18:24:33] [Server thread/INFO]: Stopping server
[18:24:33] [Server thread/INFO]: Saving players
[18:24:33] [Server thread/INFO]: Saving worlds
[18:24:33] [Server thread/INFO]: Saving chunks for level 'ServerLevel[world]'/minecraft:overworld
[18:24:37] [Server thread/INFO]: ThreadedAnvilChunkStorage (world): All chunks are saved
[18:24:37] [Server thread/INFO]: Saving chunks for level 'ServerLevel[world]'/minecraft:the_nether
[18:24:37] [Server thread/INFO]: ThreadedAnvilChunkStorage (DIM-1): All chunks are saved
[18:24:37] [Server thread/INFO]: Saving chunks for level 'ServerLevel[world]'/minecraft:the_end
[18:24:37] [Server thread/INFO]: ThreadedAnvilChunkStorage (DIM1): All chunks are saved
[18:24:38] [Server thread/INFO]: ThreadedAnvilChunkStorage (world): All chunks are saved
[18:24:38] [Server thread/INFO]: ThreadedAnvilChunkStorage (DIM-1): All chunks are saved
[18:24:38] [Server thread/INFO]: ThreadedAnvilChunkStorage (DIM1): All chunks are saved
